2023-02-07 11:12:42.516  INFO 2280 --- [restartedMain] kr.co.farmstory.FarmstoryApplication     : Starting FarmstoryApplication using Java 11.0.16.1 on DESKTOP-562QE44 with PID 2280 (C:\Users\hwangwonjin\Desktop\workspace\SpringBoot\Farmstory\out\production\classes started by hwangwonjin in C:\Users\hwangwonjin\Desktop\workspace\SpringBoot\Farmstory)
2023-02-07 11:12:42.527  INFO 2280 --- [restartedMain] kr.co.farmstory.FarmstoryApplication     : No active profile set, falling back to 1 default profile: "default"
2023-02-07 11:12:42.609  INFO 2280 --- [restartedMain] .e.DevToolsPropertyDefaultsPostProcessor : Devtools property defaults active! Set 'spring.devtools.add-properties' to 'false' to disable
2023-02-07 11:12:42.610  INFO 2280 --- [restartedMain] .e.DevToolsPropertyDefaultsPostProcessor : For additional web related logging consider setting the 'logging.level.web' property to 'DEBUG'
2023-02-07 11:12:43.417  INFO 2280 --- [restartedMain] .s.d.r.c.RepositoryConfigurationDelegate : Bootstrapping Spring Data JPA repositories in DEFAULT mode.
2023-02-07 11:12:43.483  INFO 2280 --- [restartedMain] .s.d.r.c.RepositoryConfigurationDelegate : Finished Spring Data repository scanning in 56 ms. Found 2 JPA repository interfaces.
2023-02-07 11:12:44.679  INFO 2280 --- [restartedMain] o.s.b.w.embedded.tomcat.TomcatWebServer  : Tomcat initialized with port(s): 8181 (http)
2023-02-07 11:12:44.694  INFO 2280 --- [restartedMain] o.apache.catalina.core.StandardService   : Starting service [Tomcat]
2023-02-07 11:12:44.694  INFO 2280 --- [restartedMain] org.apache.catalina.core.StandardEngine  : Starting Servlet engine: [Apache Tomcat/9.0.71]
2023-02-07 11:12:44.817  INFO 2280 --- [restartedMain] o.a.c.c.C.[.[localhost].[/Farmstory]     : Initializing Spring embedded WebApplicationContext
2023-02-07 11:12:44.817  INFO 2280 --- [restartedMain] w.s.c.ServletWebServerApplicationContext : Root WebApplicationContext: initialization completed in 2206 ms
2023-02-07 11:12:45.054  INFO 2280 --- [restartedMain] o.hibernate.jpa.internal.util.LogHelper  : HHH000204: Processing PersistenceUnitInfo [name: default]
2023-02-07 11:12:45.108  INFO 2280 --- [restartedMain] org.hibernate.Version                    : HHH000412: Hibernate ORM core version 5.6.14.Final
2023-02-07 11:12:45.323  INFO 2280 --- [restartedMain] o.hibernate.annotations.common.Version   : HCANN000001: Hibernate Commons Annotations {5.1.2.Final}
2023-02-07 11:12:45.422  INFO 2280 --- [restartedMain] com.zaxxer.hikari.HikariDataSource       : HikariPool-1 - Starting...
2023-02-07 11:12:45.697  INFO 2280 --- [restartedMain] com.zaxxer.hikari.HikariDataSource       : HikariPool-1 - Start completed.
2023-02-07 11:12:45.711  INFO 2280 --- [restartedMain] org.hibernate.dialect.Dialect            : HHH000400: Using dialect: org.hibernate.dialect.MySQL57Dialect
2023-02-07 11:12:46.492  INFO 2280 --- [restartedMain] o.h.e.t.j.p.i.JtaPlatformInitiator       : HHH000490: Using JtaPlatform implementation: [org.hibernate.engine.transaction.jta.platform.internal.NoJtaPlatform]
2023-02-07 11:12:46.503  INFO 2280 --- [restartedMain] j.LocalContainerEntityManagerFactoryBean : Initialized JPA EntityManagerFactory for persistence unit 'default'
2023-02-07 11:12:47.209  INFO 2280 --- [restartedMain] o.s.s.web.DefaultSecurityFilterChain     : Will secure any request with [org.springframework.security.web.session.DisableEncodeUrlFilter@54205ad, org.springframework.security.web.context.request.async.WebAsyncManagerIntegrationFilter@468f160c, org.springframework.security.web.context.SecurityContextPersistenceFilter@1d035bc5, org.springframework.security.web.header.HeaderWriterFilter@24abaf14, org.springframework.security.web.authentication.logout.LogoutFilter@309b85f8, org.springframework.security.web.authentication.UsernamePasswordAuthenticationFilter@4ba2dcce, org.springframework.security.web.savedrequest.RequestCacheAwareFilter@35fc0622, org.springframework.security.web.servletapi.SecurityContextHolderAwareRequestFilter@44363b4e, org.springframework.security.web.authentication.AnonymousAuthenticationFilter@328c5035, org.springframework.security.web.session.SessionManagementFilter@1af0f739, org.springframework.security.web.access.ExceptionTranslationFilter@58c95faf, org.springframework.security.web.access.intercept.AuthorizationFilter@53070eff]
2023-02-07 11:12:47.253  WARN 2280 --- [restartedMain] JpaBaseConfiguration$JpaWebConfiguration : spring.jpa.open-in-view is enabled by default. Therefore, database queries may be performed during view rendering. Explicitly configure spring.jpa.open-in-view to disable this warning
2023-02-07 11:12:47.410  INFO 2280 --- [restartedMain] o.s.b.a.w.s.WelcomePageHandlerMapping    : Adding welcome page template: index
2023-02-07 11:12:47.655  INFO 2280 --- [restartedMain] o.s.b.d.a.OptionalLiveReloadServer       : LiveReload server is running on port 35729
2023-02-07 11:12:47.688  INFO 2280 --- [restartedMain] o.s.b.w.embedded.tomcat.TomcatWebServer  : Tomcat started on port(s): 8181 (http) with context path '/Farmstory'
2023-02-07 11:12:47.698  INFO 2280 --- [restartedMain] kr.co.farmstory.FarmstoryApplication     : Started FarmstoryApplication in 5.71 seconds (JVM running for 6.334)
2023-02-07 11:12:57.496  INFO 2280 --- [http-nio-8181-exec-2] o.a.c.c.C.[.[localhost].[/Farmstory]     : Initializing Spring DispatcherServlet 'dispatcherServlet'
2023-02-07 11:12:57.497  INFO 2280 --- [http-nio-8181-exec-2] o.s.web.servlet.DispatcherServlet        : Initializing Servlet 'dispatcherServlet'
2023-02-07 11:12:57.499  INFO 2280 --- [http-nio-8181-exec-2] o.s.web.servlet.DispatcherServlet        : Completed initialization in 1 ms
2023-02-07 11:57:48.497  INFO 2280 --- [File Watcher] rtingClassPathChangeChangedEventListener : Restarting due to 1 class path change (0 additions, 1 deletion, 0 modifications)
2023-02-07 11:57:48.771  INFO 2280 --- [Thread-5] o.apache.catalina.core.StandardService   : Stopping service [Tomcat]
2023-02-07 11:57:48.773  INFO 2280 --- [Thread-5] o.a.c.c.C.[.[localhost].[/Farmstory]     : Destroying Spring FrameworkServlet 'dispatcherServlet'
2023-02-07 11:57:48.782  INFO 2280 --- [Thread-5] j.LocalContainerEntityManagerFactoryBean : Closing JPA EntityManagerFactory for persistence unit 'default'
2023-02-07 11:57:48.786  INFO 2280 --- [Thread-5] com.zaxxer.hikari.HikariDataSource       : HikariPool-1 - Shutdown initiated...
2023-02-07 11:57:48.797  INFO 2280 --- [Thread-5] com.zaxxer.hikari.HikariDataSource       : HikariPool-1 - Shutdown completed.
2023-02-07 11:57:48.906  INFO 2280 --- [restartedMain] kr.co.farmstory.FarmstoryApplication     : Starting FarmstoryApplication using Java 11.0.16.1 on DESKTOP-562QE44 with PID 2280 (C:\Users\hwangwonjin\Desktop\workspace\SpringBoot\Farmstory\out\production\classes started by hwangwonjin in C:\Users\hwangwonjin\Desktop\workspace\SpringBoot\Farmstory)
2023-02-07 11:57:48.907  INFO 2280 --- [restartedMain] kr.co.farmstory.FarmstoryApplication     : No active profile set, falling back to 1 default profile: "default"
2023-02-07 11:57:49.538  INFO 2280 --- [restartedMain] .s.d.r.c.RepositoryConfigurationDelegate : Bootstrapping Spring Data JPA repositories in DEFAULT mode.
2023-02-07 11:57:49.584  INFO 2280 --- [restartedMain] .s.d.r.c.RepositoryConfigurationDelegate : Finished Spring Data repository scanning in 44 ms. Found 2 JPA repository interfaces.
2023-02-07 11:57:49.896  INFO 2280 --- [restartedMain] o.s.b.w.embedded.tomcat.TomcatWebServer  : Tomcat initialized with port(s): 8181 (http)
2023-02-07 11:57:49.898  INFO 2280 --- [restartedMain] o.apache.catalina.core.StandardService   : Starting service [Tomcat]
2023-02-07 11:57:49.898  INFO 2280 --- [restartedMain] org.apache.catalina.core.StandardEngine  : Starting Servlet engine: [Apache Tomcat/9.0.71]
2023-02-07 11:57:49.988  INFO 2280 --- [restartedMain] o.a.c.c.C.[.[localhost].[/Farmstory]     : Initializing Spring embedded WebApplicationContext
2023-02-07 11:57:49.989  INFO 2280 --- [restartedMain] w.s.c.ServletWebServerApplicationContext : Root WebApplicationContext: initialization completed in 1078 ms
2023-02-07 11:57:50.094  INFO 2280 --- [restartedMain] o.hibernate.jpa.internal.util.LogHelper  : HHH000204: Processing PersistenceUnitInfo [name: default]
2023-02-07 11:57:50.123  INFO 2280 --- [restartedMain] com.zaxxer.hikari.HikariDataSource       : HikariPool-2 - Starting...
2023-02-07 11:57:50.148  INFO 2280 --- [restartedMain] com.zaxxer.hikari.HikariDataSource       : HikariPool-2 - Start completed.
2023-02-07 11:57:50.149  INFO 2280 --- [restartedMain] org.hibernate.dialect.Dialect            : HHH000400: Using dialect: org.hibernate.dialect.MySQL57Dialect
2023-02-07 11:57:50.288  INFO 2280 --- [restartedMain] o.h.e.t.j.p.i.JtaPlatformInitiator       : HHH000490: Using JtaPlatform implementation: [org.hibernate.engine.transaction.jta.platform.internal.NoJtaPlatform]
2023-02-07 11:57:50.288  INFO 2280 --- [restartedMain] j.LocalContainerEntityManagerFactoryBean : Initialized JPA EntityManagerFactory for persistence unit 'default'
2023-02-07 11:57:50.642  INFO 2280 --- [restartedMain] o.s.s.web.DefaultSecurityFilterChain     : Will secure any request with [org.springframework.security.web.session.DisableEncodeUrlFilter@3dad223c, org.springframework.security.web.context.request.async.WebAsyncManagerIntegrationFilter@1c63a549, org.springframework.security.web.context.SecurityContextPersistenceFilter@5eda14d7, org.springframework.security.web.header.HeaderWriterFilter@34c46ce9, org.springframework.security.web.authentication.logout.LogoutFilter@16ef8821, org.springframework.security.web.authentication.UsernamePasswordAuthenticationFilter@57691670, org.springframework.security.web.savedrequest.RequestCacheAwareFilter@a21b3f0, org.springframework.security.web.servletapi.SecurityContextHolderAwareRequestFilter@1d153579, org.springframework.security.web.authentication.AnonymousAuthenticationFilter@5b4c809a, org.springframework.security.web.session.SessionManagementFilter@560a60e2, org.springframework.security.web.access.ExceptionTranslationFilter@7374eb6f, org.springframework.security.web.access.intercept.AuthorizationFilter@25dc4691]
2023-02-07 11:57:50.665  WARN 2280 --- [restartedMain] JpaBaseConfiguration$JpaWebConfiguration : spring.jpa.open-in-view is enabled by default. Therefore, database queries may be performed during view rendering. Explicitly configure spring.jpa.open-in-view to disable this warning
2023-02-07 11:57:50.767  INFO 2280 --- [restartedMain] o.s.b.a.w.s.WelcomePageHandlerMapping    : Adding welcome page template: index
2023-02-07 11:57:50.866  INFO 2280 --- [restartedMain] o.s.b.d.a.OptionalLiveReloadServer       : LiveReload server is running on port 35729
2023-02-07 11:57:50.881  INFO 2280 --- [restartedMain] o.s.b.w.embedded.tomcat.TomcatWebServer  : Tomcat started on port(s): 8181 (http) with context path '/Farmstory'
2023-02-07 11:57:50.890  INFO 2280 --- [restartedMain] kr.co.farmstory.FarmstoryApplication     : Started FarmstoryApplication in 2.035 seconds (JVM running for 2709.526)
2023-02-07 11:57:50.894  INFO 2280 --- [restartedMain] .ConditionEvaluationDeltaLoggingListener : Condition evaluation unchanged
2023-02-07 11:57:50.930  INFO 2280 --- [http-nio-8181-exec-2] o.a.c.c.C.[.[localhost].[/Farmstory]     : Initializing Spring DispatcherServlet 'dispatcherServlet'
2023-02-07 11:57:50.930  INFO 2280 --- [http-nio-8181-exec-2] o.s.web.servlet.DispatcherServlet        : Initializing Servlet 'dispatcherServlet'
2023-02-07 11:57:50.934  INFO 2280 --- [http-nio-8181-exec-2] o.s.web.servlet.DispatcherServlet        : Completed initialization in 1 ms
2023-02-07 11:57:53.781  INFO 2280 --- [File Watcher] rtingClassPathChangeChangedEventListener : Restarting due to 1 class path change (1 addition, 0 deletions, 0 modifications)
2023-02-07 11:57:54.538  INFO 2280 --- [Thread-14] o.apache.catalina.core.StandardService   : Stopping service [Tomcat]
2023-02-07 11:57:54.540  INFO 2280 --- [Thread-14] o.a.c.c.C.[.[localhost].[/Farmstory]     : Destroying Spring FrameworkServlet 'dispatcherServlet'
2023-02-07 11:57:54.557  INFO 2280 --- [Thread-14] j.LocalContainerEntityManagerFactoryBean : Closing JPA EntityManagerFactory for persistence unit 'default'
2023-02-07 11:57:54.559  INFO 2280 --- [Thread-14] com.zaxxer.hikari.HikariDataSource       : HikariPool-2 - Shutdown initiated...
2023-02-07 11:57:54.574  INFO 2280 --- [Thread-14] com.zaxxer.hikari.HikariDataSource       : HikariPool-2 - Shutdown completed.
2023-02-07 11:57:54.774  INFO 2280 --- [restartedMain] kr.co.farmstory.FarmstoryApplication     : Starting FarmstoryApplication using Java 11.0.16.1 on DESKTOP-562QE44 with PID 2280 (C:\Users\hwangwonjin\Desktop\workspace\SpringBoot\Farmstory\out\production\classes started by hwangwonjin in C:\Users\hwangwonjin\Desktop\workspace\SpringBoot\Farmstory)
2023-02-07 11:57:54.775  INFO 2280 --- [restartedMain] kr.co.farmstory.FarmstoryApplication     : No active profile set, falling back to 1 default profile: "default"
2023-02-07 11:57:55.448  INFO 2280 --- [restartedMain] .s.d.r.c.RepositoryConfigurationDelegate : Bootstrapping Spring Data JPA repositories in DEFAULT mode.
2023-02-07 11:57:55.496  INFO 2280 --- [restartedMain] .s.d.r.c.RepositoryConfigurationDelegate : Finished Spring Data repository scanning in 47 ms. Found 2 JPA repository interfaces.
2023-02-07 11:57:55.730  INFO 2280 --- [restartedMain] o.s.b.w.embedded.tomcat.TomcatWebServer  : Tomcat initialized with port(s): 8181 (http)
2023-02-07 11:57:55.731  INFO 2280 --- [restartedMain] o.apache.catalina.core.StandardService   : Starting service [Tomcat]
2023-02-07 11:57:55.731  INFO 2280 --- [restartedMain] org.apache.catalina.core.StandardEngine  : Starting Servlet engine: [Apache Tomcat/9.0.71]
2023-02-07 11:57:55.797  INFO 2280 --- [restartedMain] o.a.c.c.C.[.[localhost].[/Farmstory]     : Initializing Spring embedded WebApplicationContext
2023-02-07 11:57:55.797  INFO 2280 --- [restartedMain] w.s.c.ServletWebServerApplicationContext : Root WebApplicationContext: initialization completed in 1016 ms
2023-02-07 11:57:55.867  INFO 2280 --- [restartedMain] o.hibernate.jpa.internal.util.LogHelper  : HHH000204: Processing PersistenceUnitInfo [name: default]
2023-02-07 11:57:55.885  INFO 2280 --- [restartedMain] com.zaxxer.hikari.HikariDataSource       : HikariPool-3 - Starting...
2023-02-07 11:57:55.906  INFO 2280 --- [restartedMain] com.zaxxer.hikari.HikariDataSource       : HikariPool-3 - Start completed.
2023-02-07 11:57:55.907  INFO 2280 --- [restartedMain] org.hibernate.dialect.Dialect            : HHH000400: Using dialect: org.hibernate.dialect.MySQL57Dialect
2023-02-07 11:57:56.024  INFO 2280 --- [restartedMain] o.h.e.t.j.p.i.JtaPlatformInitiator       : HHH000490: Using JtaPlatform implementation: [org.hibernate.engine.transaction.jta.platform.internal.NoJtaPlatform]
2023-02-07 11:57:56.024  INFO 2280 --- [restartedMain] j.LocalContainerEntityManagerFactoryBean : Initialized JPA EntityManagerFactory for persistence unit 'default'
2023-02-07 11:57:56.329  INFO 2280 --- [restartedMain] o.s.s.web.DefaultSecurityFilterChain     : Will secure any request with [org.springframework.security.web.session.DisableEncodeUrlFilter@5664db1d, org.springframework.security.web.context.request.async.WebAsyncManagerIntegrationFilter@10366ce8, org.springframework.security.web.context.SecurityContextPersistenceFilter@7ee80a50, org.springframework.security.web.header.HeaderWriterFilter@7a58f84f, org.springframework.security.web.authentication.logout.LogoutFilter@4c8aac48, org.springframework.security.web.authentication.UsernamePasswordAuthenticationFilter@4f15d65b, org.springframework.security.web.savedrequest.RequestCacheAwareFilter@75975148, org.springframework.security.web.servletapi.SecurityContextHolderAwareRequestFilter@48b05535, org.springframework.security.web.authentication.AnonymousAuthenticationFilter@347c908, org.springframework.security.web.session.SessionManagementFilter@16d59a2a, org.springframework.security.web.access.ExceptionTranslationFilter@17b398f5, org.springframework.security.web.access.intercept.AuthorizationFilter@490b4d33]
2023-02-07 11:57:56.347  WARN 2280 --- [restartedMain] JpaBaseConfiguration$JpaWebConfiguration : spring.jpa.open-in-view is enabled by default. Therefore, database queries may be performed during view rendering. Explicitly configure spring.jpa.open-in-view to disable this warning
2023-02-07 11:57:56.425  INFO 2280 --- [restartedMain] o.s.b.a.w.s.WelcomePageHandlerMapping    : Adding welcome page template: index
2023-02-07 11:57:56.497  INFO 2280 --- [restartedMain] o.s.b.d.a.OptionalLiveReloadServer       : LiveReload server is running on port 35729
2023-02-07 11:57:56.511  INFO 2280 --- [restartedMain] o.s.b.w.embedded.tomcat.TomcatWebServer  : Tomcat started on port(s): 8181 (http) with context path '/Farmstory'
2023-02-07 11:57:56.516  INFO 2280 --- [restartedMain] kr.co.farmstory.FarmstoryApplication     : Started FarmstoryApplication in 1.84 seconds (JVM running for 2715.152)
2023-02-07 11:57:56.520  INFO 2280 --- [restartedMain] .ConditionEvaluationDeltaLoggingListener : Condition evaluation unchanged
2023-02-07 11:57:56.521  INFO 2280 --- [http-nio-8181-exec-1] o.a.c.c.C.[.[localhost].[/Farmstory]     : Initializing Spring DispatcherServlet 'dispatcherServlet'
2023-02-07 11:57:56.522  INFO 2280 --- [http-nio-8181-exec-1] o.s.web.servlet.DispatcherServlet        : Initializing Servlet 'dispatcherServlet'
2023-02-07 11:57:56.523  INFO 2280 --- [http-nio-8181-exec-1] o.s.web.servlet.DispatcherServlet        : Completed initialization in 0 ms
2023-02-07 12:09:36.586  INFO 2280 --- [File Watcher] rtingClassPathChangeChangedEventListener : Restarting due to 1 class path change (0 additions, 1 deletion, 0 modifications)
2023-02-07 12:09:36.899  INFO 2280 --- [Thread-19] o.apache.catalina.core.StandardService   : Stopping service [Tomcat]
2023-02-07 12:09:36.900  INFO 2280 --- [Thread-19] o.a.c.c.C.[.[localhost].[/Farmstory]     : Destroying Spring FrameworkServlet 'dispatcherServlet'
2023-02-07 12:09:36.905  INFO 2280 --- [Thread-19] j.LocalContainerEntityManagerFactoryBean : Closing JPA EntityManagerFactory for persistence unit 'default'
2023-02-07 12:09:36.905  INFO 2280 --- [Thread-19] com.zaxxer.hikari.HikariDataSource       : HikariPool-3 - Shutdown initiated...
2023-02-07 12:09:36.913  INFO 2280 --- [Thread-19] com.zaxxer.hikari.HikariDataSource       : HikariPool-3 - Shutdown completed.
2023-02-07 12:09:37.018  INFO 2280 --- [restartedMain] kr.co.farmstory.FarmstoryApplication     : Starting FarmstoryApplication using Java 11.0.16.1 on DESKTOP-562QE44 with PID 2280 (C:\Users\hwangwonjin\Desktop\workspace\SpringBoot\Farmstory\out\production\classes started by hwangwonjin in C:\Users\hwangwonjin\Desktop\workspace\SpringBoot\Farmstory)
2023-02-07 12:09:37.018  INFO 2280 --- [restartedMain] kr.co.farmstory.FarmstoryApplication     : No active profile set, falling back to 1 default profile: "default"
2023-02-07 12:09:37.378  INFO 2280 --- [restartedMain] .s.d.r.c.RepositoryConfigurationDelegate : Bootstrapping Spring Data JPA repositories in DEFAULT mode.
2023-02-07 12:09:37.400  INFO 2280 --- [restartedMain] .s.d.r.c.RepositoryConfigurationDelegate : Finished Spring Data repository scanning in 22 ms. Found 2 JPA repository interfaces.
2023-02-07 12:09:37.506  INFO 2280 --- [restartedMain] o.s.b.w.embedded.tomcat.TomcatWebServer  : Tomcat initialized with port(s): 8181 (http)
2023-02-07 12:09:37.506  INFO 2280 --- [restartedMain] o.apache.catalina.core.StandardService   : Starting service [Tomcat]
2023-02-07 12:09:37.508  INFO 2280 --- [restartedMain] org.apache.catalina.core.StandardEngine  : Starting Servlet engine: [Apache Tomcat/9.0.71]
2023-02-07 12:09:37.541  INFO 2280 --- [restartedMain] o.a.c.c.C.[.[localhost].[/Farmstory]     : Initializing Spring embedded WebApplicationContext
2023-02-07 12:09:37.541  INFO 2280 --- [restartedMain] w.s.c.ServletWebServerApplicationContext : Root WebApplicationContext: initialization completed in 521 ms
2023-02-07 12:09:37.581  INFO 2280 --- [restartedMain] o.hibernate.jpa.internal.util.LogHelper  : HHH000204: Processing PersistenceUnitInfo [name: default]
2023-02-07 12:09:37.594  INFO 2280 --- [restartedMain] com.zaxxer.hikari.HikariDataSource       : HikariPool-4 - Starting...
2023-02-07 12:09:37.609  INFO 2280 --- [restartedMain] com.zaxxer.hikari.HikariDataSource       : HikariPool-4 - Start completed.
2023-02-07 12:09:37.610  INFO 2280 --- [restartedMain] org.hibernate.dialect.Dialect            : HHH000400: Using dialect: org.hibernate.dialect.MySQL57Dialect
2023-02-07 12:09:37.673  INFO 2280 --- [restartedMain] o.h.e.t.j.p.i.JtaPlatformInitiator       : HHH000490: Using JtaPlatform implementation: [org.hibernate.engine.transaction.jta.platform.internal.NoJtaPlatform]
2023-02-07 12:09:37.673  INFO 2280 --- [restartedMain] j.LocalContainerEntityManagerFactoryBean : Initialized JPA EntityManagerFactory for persistence unit 'default'
2023-02-07 12:09:37.859  INFO 2280 --- [restartedMain] o.s.s.web.DefaultSecurityFilterChain     : Will secure any request with [org.springframework.security.web.session.DisableEncodeUrlFilter@4095f72d, org.springframework.security.web.context.request.async.WebAsyncManagerIntegrationFilter@67fc090a, org.springframework.security.web.context.SecurityContextPersistenceFilter@45442d17, org.springframework.security.web.header.HeaderWriterFilter@4b09568d, org.springframework.security.web.authentication.logout.LogoutFilter@433e67a, org.springframework.security.web.authentication.UsernamePasswordAuthenticationFilter@5b8eda10, org.springframework.security.web.savedrequest.RequestCacheAwareFilter@27bac65f, org.springframework.security.web.servletapi.SecurityContextHolderAwareRequestFilter@2606411b, org.springframework.security.web.authentication.AnonymousAuthenticationFilter@86e12a, org.springframework.security.web.session.SessionManagementFilter@7f972591, org.springframework.security.web.access.ExceptionTranslationFilter@46a4970f, org.springframework.security.web.access.intercept.AuthorizationFilter@6150d9b6]
2023-02-07 12:09:37.874  WARN 2280 --- [restartedMain] JpaBaseConfiguration$JpaWebConfiguration : spring.jpa.open-in-view is enabled by default. Therefore, database queries may be performed during view rendering. Explicitly configure spring.jpa.open-in-view to disable this warning
2023-02-07 12:09:37.927  INFO 2280 --- [restartedMain] o.s.b.a.w.s.WelcomePageHandlerMapping    : Adding welcome page template: index
2023-02-07 12:09:37.968  INFO 2280 --- [restartedMain] o.s.b.d.a.OptionalLiveReloadServer       : LiveReload server is running on port 35729
2023-02-07 12:09:37.975  INFO 2280 --- [restartedMain] o.s.b.w.embedded.tomcat.TomcatWebServer  : Tomcat started on port(s): 8181 (http) with context path '/Farmstory'
2023-02-07 12:09:37.979  INFO 2280 --- [restartedMain] kr.co.farmstory.FarmstoryApplication     : Started FarmstoryApplication in 1.013 seconds (JVM running for 3416.614)
2023-02-07 12:09:37.980  INFO 2280 --- [restartedMain] .ConditionEvaluationDeltaLoggingListener : Condition evaluation unchanged
2023-02-07 12:09:37.995  INFO 2280 --- [http-nio-8181-exec-4] o.a.c.c.C.[.[localhost].[/Farmstory]     : Initializing Spring DispatcherServlet 'dispatcherServlet'
2023-02-07 12:09:37.996  INFO 2280 --- [http-nio-8181-exec-4] o.s.web.servlet.DispatcherServlet        : Initializing Servlet 'dispatcherServlet'
2023-02-07 12:09:37.997  INFO 2280 --- [http-nio-8181-exec-4] o.s.web.servlet.DispatcherServlet        : Completed initialization in 1 ms
2023-02-07 12:09:39.502  INFO 2280 --- [File Watcher] rtingClassPathChangeChangedEventListener : Restarting due to 1 class path change (1 addition, 0 deletions, 0 modifications)
2023-02-07 12:09:39.769  INFO 2280 --- [Thread-23] o.apache.catalina.core.StandardService   : Stopping service [Tomcat]
2023-02-07 12:09:39.769  INFO 2280 --- [Thread-23] o.a.c.c.C.[.[localhost].[/Farmstory]     : Destroying Spring FrameworkServlet 'dispatcherServlet'
2023-02-07 12:09:39.772  INFO 2280 --- [Thread-23] j.LocalContainerEntityManagerFactoryBean : Closing JPA EntityManagerFactory for persistence unit 'default'
2023-02-07 12:09:39.774  INFO 2280 --- [Thread-23] com.zaxxer.hikari.HikariDataSource       : HikariPool-4 - Shutdown initiated...
2023-02-07 12:09:39.782  INFO 2280 --- [Thread-23] com.zaxxer.hikari.HikariDataSource       : HikariPool-4 - Shutdown completed.
2023-02-07 12:09:39.865  INFO 2280 --- [restartedMain] kr.co.farmstory.FarmstoryApplication     : Starting FarmstoryApplication using Java 11.0.16.1 on DESKTOP-562QE44 with PID 2280 (C:\Users\hwangwonjin\Desktop\workspace\SpringBoot\Farmstory\out\production\classes started by hwangwonjin in C:\Users\hwangwonjin\Desktop\workspace\SpringBoot\Farmstory)
2023-02-07 12:09:39.866  INFO 2280 --- [restartedMain] kr.co.farmstory.FarmstoryApplication     : No active profile set, falling back to 1 default profile: "default"
2023-02-07 12:09:40.168  INFO 2280 --- [restartedMain] .s.d.r.c.RepositoryConfigurationDelegate : Bootstrapping Spring Data JPA repositories in DEFAULT mode.
2023-02-07 12:09:40.187  INFO 2280 --- [restartedMain] .s.d.r.c.RepositoryConfigurationDelegate : Finished Spring Data repository scanning in 19 ms. Found 2 JPA repository interfaces.
2023-02-07 12:09:40.290  INFO 2280 --- [restartedMain] o.s.b.w.embedded.tomcat.TomcatWebServer  : Tomcat initialized with port(s): 8181 (http)
2023-02-07 12:09:40.291  INFO 2280 --- [restartedMain] o.apache.catalina.core.StandardService   : Starting service [Tomcat]
2023-02-07 12:09:40.291  INFO 2280 --- [restartedMain] org.apache.catalina.core.StandardEngine  : Starting Servlet engine: [Apache Tomcat/9.0.71]
2023-02-07 12:09:40.312  INFO 2280 --- [restartedMain] o.a.c.c.C.[.[localhost].[/Farmstory]     : Initializing Spring embedded WebApplicationContext
2023-02-07 12:09:40.312  INFO 2280 --- [restartedMain] w.s.c.ServletWebServerApplicationContext : Root WebApplicationContext: initialization completed in 444 ms
2023-02-07 12:09:40.349  INFO 2280 --- [restartedMain] o.hibernate.jpa.internal.util.LogHelper  : HHH000204: Processing PersistenceUnitInfo [name: default]
2023-02-07 12:09:40.359  INFO 2280 --- [restartedMain] com.zaxxer.hikari.HikariDataSource       : HikariPool-5 - Starting...
2023-02-07 12:09:40.370  INFO 2280 --- [restartedMain] com.zaxxer.hikari.HikariDataSource       : HikariPool-5 - Start completed.
2023-02-07 12:09:40.371  INFO 2280 --- [restartedMain] org.hibernate.dialect.Dialect            : HHH000400: Using dialect: org.hibernate.dialect.MySQL57Dialect
2023-02-07 12:09:40.418  INFO 2280 --- [restartedMain] o.h.e.t.j.p.i.JtaPlatformInitiator       : HHH000490: Using JtaPlatform implementation: [org.hibernate.engine.transaction.jta.platform.internal.NoJtaPlatform]
2023-02-07 12:09:40.418  INFO 2280 --- [restartedMain] j.LocalContainerEntityManagerFactoryBean : Initialized JPA EntityManagerFactory for persistence unit 'default'
2023-02-07 12:09:40.561  INFO 2280 --- [restartedMain] o.s.s.web.DefaultSecurityFilterChain     : Will secure any request with [org.springframework.security.web.session.DisableEncodeUrlFilter@4d6f00b3, org.springframework.security.web.context.request.async.WebAsyncManagerIntegrationFilter@76d77aeb, org.springframework.security.web.context.SecurityContextPersistenceFilter@6802bb1e, org.springframework.security.web.header.HeaderWriterFilter@467bbdb, org.springframework.security.web.authentication.logout.LogoutFilter@3377a561, org.springframework.security.web.authentication.UsernamePasswordAuthenticationFilter@43bde908, org.springframework.security.web.savedrequest.RequestCacheAwareFilter@5028c153, org.springframework.security.web.servletapi.SecurityContextHolderAwareRequestFilter@69a811ee, org.springframework.security.web.authentication.AnonymousAuthenticationFilter@162b6299, org.springframework.security.web.session.SessionManagementFilter@4e6d264b, org.springframework.security.web.access.ExceptionTranslationFilter@613b2528, org.springframework.security.web.access.intercept.AuthorizationFilter@c4d9a22]
2023-02-07 12:09:40.571  WARN 2280 --- [restartedMain] JpaBaseConfiguration$JpaWebConfiguration : spring.jpa.open-in-view is enabled by default. Therefore, database queries may be performed during view rendering. Explicitly configure spring.jpa.open-in-view to disable this warning
2023-02-07 12:09:40.611  INFO 2280 --- [restartedMain] o.s.b.a.w.s.WelcomePageHandlerMapping    : Adding welcome page template: index
2023-02-07 12:09:40.647  INFO 2280 --- [restartedMain] o.s.b.d.a.OptionalLiveReloadServer       : LiveReload server is running on port 35729
2023-02-07 12:09:40.654  INFO 2280 --- [restartedMain] o.s.b.w.embedded.tomcat.TomcatWebServer  : Tomcat started on port(s): 8181 (http) with context path '/Farmstory'
2023-02-07 12:09:40.659  INFO 2280 --- [restartedMain] kr.co.farmstory.FarmstoryApplication     : Started FarmstoryApplication in 0.829 seconds (JVM running for 3419.294)
2023-02-07 12:09:40.661  INFO 2280 --- [restartedMain] .ConditionEvaluationDeltaLoggingListener : Condition evaluation unchanged
2023-02-07 12:09:40.663  INFO 2280 --- [http-nio-8181-exec-1] o.a.c.c.C.[.[localhost].[/Farmstory]     : Initializing Spring DispatcherServlet 'dispatcherServlet'
2023-02-07 12:09:40.663  INFO 2280 --- [http-nio-8181-exec-1] o.s.web.servlet.DispatcherServlet        : Initializing Servlet 'dispatcherServlet'
2023-02-07 12:09:40.665  INFO 2280 --- [http-nio-8181-exec-1] o.s.web.servlet.DispatcherServlet        : Completed initialization in 2 ms
2023-02-07 14:16:49.129  INFO 2280 --- [SpringApplicationShutdownHook] j.LocalContainerEntityManagerFactoryBean : Closing JPA EntityManagerFactory for persistence unit 'default'
2023-02-07 14:16:49.130  INFO 2280 --- [SpringApplicationShutdownHook] com.zaxxer.hikari.HikariDataSource       : HikariPool-5 - Shutdown initiated...
2023-02-07 14:16:49.138  INFO 2280 --- [SpringApplicationShutdownHook] com.zaxxer.hikari.HikariDataSource       : HikariPool-5 - Shutdown completed.
